  Trainer.cpp
C:\Users\Nikita\Documents\Kursach\Kursach\NeuralNet\Imaging\Image.h(3,10): warning C4067: непредвиденные лексемы за директивой препроцессора, требуется newline
C:\Users\Nikita\Documents\Kursach\Kursach\NeuralNet\NeuralNet\Trainer.h(81,7): error C2143: синтаксическая ошибка: отсутствие ";" перед "&"
C:\Users\Nikita\Documents\Kursach\Kursach\NeuralNet\NeuralNet\Trainer.h(81,7): error C4430: отсутствует спецификатор типа - предполагается int. Примечание. C++ не поддерживает int по умолчанию
C:\Users\Nikita\Documents\Kursach\Kursach\NeuralNet\NeuralNet\Trainer.h(82,3): error C2334: непредвиденные лексемы перед "{"; пропуск вероятного тела функции
C:\Users\Nikita\Documents\Kursach\Kursach\NeuralNet\NeuralNet\Trainer.h(53,25): warning C4018: <: несоответствие типов со знаком и без знака
  NeuralNetMenu.cpp
C:\Users\Nikita\Documents\Kursach\Kursach\NeuralNet\NeuralNet\Matrix.h(226,2): warning C4018: <: несоответствие типов со знаком и без знака
C:\Users\Nikita\Documents\Kursach\Kursach\NeuralNet\NeuralNet\Matrix.h(219): message : во время компиляции функции-члена класс шаблон "bool Utils::Matrix<double>::operator ==(const Utils::Matrix<double> &)"
C:\Users\Nikita\Documents\Kursach\Kursach\NeuralNet\NeuralNet\Net.h(84): message : выполняется компиляция ссылки на экземпляр шаблон функции "bool Utils::Matrix<double>::operator ==(const Utils::Matrix<double> &)"
C:\Users\Nikita\Documents\Kursach\Kursach\NeuralNet\NeuralNet\Net.h(18): message : выполняется компиляция ссылки на экземпляр класс шаблон функции "Utils::Matrix<double>"
  Source.cpp
C:\Users\Nikita\Documents\Kursach\Kursach\NeuralNet\Source.cpp(338,24): warning C4018: <: несоответствие типов со знаком и без знака
C:\Users\Nikita\Documents\Kursach\Kursach\NeuralNet\NeuralNet\Matrix.h(226,2): warning C4018: <: несоответствие типов со знаком и без знака
C:\Users\Nikita\Documents\Kursach\Kursach\NeuralNet\NeuralNet\Matrix.h(219): message : во время компиляции функции-члена класс шаблон "bool Utils::Matrix<double>::operator ==(const Utils::Matrix<double> &)"
C:\Users\Nikita\Documents\Kursach\Kursach\NeuralNet\NeuralNet\Net.h(84): message : выполняется компиляция ссылки на экземпляр шаблон функции "bool Utils::Matrix<double>::operator ==(const Utils::Matrix<double> &)"
C:\Users\Nikita\Documents\Kursach\Kursach\NeuralNet\NeuralNet\Net.h(18): message : выполняется компиляция ссылки на экземпляр класс шаблон функции "Utils::Matrix<double>"
  Buttons.cpp
  Menu.cpp
  TConsole.cpp
  Utils.cpp
  Создание кода...
